

*******************************************************************************
Mon Jun 23 17:44:09 2025


FIT:    data read from "out.times.txt"
        format = z
        #datapoints = 20
        residuals are weighted equally (unit weight)

function used for fitting: f(x)
	f(x) = a*x*x*x
fitted parameters initialized with current variable values

iter      chisq       delta/lim  lambda   a            
   0 2.1645572837e+16   0.00e+00  3.29e+07    1.000000e-02
   5 5.0164556475e+00  -3.54e-11  3.29e+02    1.885560e-09

After 5 iterations the fit converged.
final sum of squares of residuals : 5.01646
rel. change during last iteration : -3.54106e-16

degrees of freedom    (FIT_NDF)                        : 19
rms of residuals      (FIT_STDFIT) = sqrt(WSSR/ndf)    : 0.513833
variance of residuals (reduced chisquare) = WSSR/ndf   : 0.264024

Final set of parameters            Asymptotic Standard Error
=======================            ==========================
a               = 1.88556e-09      +/- 3.493e-11    (1.852%)
