

*******************************************************************************
Tue Jun 24 15:19:03 2025


FIT:    data read from "out.times.txt"
        format = z
BREAK: No data to fit

*******************************************************************************
Tue Jun 24 15:19:40 2025


FIT:    data read from "out.times.txt"
        format = z
        #datapoints = 14
        residuals are weighted equally (unit weight)

function used for fitting: f(x)
	f(x) = a*x*x*x
fitted parameters initialized with current variable values

iter      chisq       delta/lim  lambda   a            
   0 1.9092241449e+15   0.00e+00  1.17e+07    1.000000e-02
   4 4.0276822498e+01  -5.48e-01  1.17e+03    1.402422e-08

After 4 iterations the fit converged.
final sum of squares of residuals : 40.2768
rel. change during last iteration : -5.47622e-06

degrees of freedom    (FIT_NDF)                        : 13
rms of residuals      (FIT_STDFIT) = sqrt(WSSR/ndf)    : 1.76018
variance of residuals (reduced chisquare) = WSSR/ndf   : 3.09822

Final set of parameters            Asymptotic Standard Error
=======================            ==========================
a               = 1.40242e-08      +/- 4.028e-10    (2.872%)
