

*******************************************************************************
Mon May  5 08:22:06 2025


FIT:    data read from "Out.txt"
        format = z
BREAK: bad data on line 1 of datafile

*******************************************************************************
Mon May  5 08:22:12 2025


FIT:    data read from "Out.txt"
        format = z
BREAK: bad data on line 1 of datafile

*******************************************************************************
Mon May  5 08:25:22 2025


FIT:    data read from "Out.txt"
        format = z
BREAK: bad data on line 1 of datafile

*******************************************************************************
Mon May  5 08:25:34 2025


FIT:    data read from "Out.txt" index 1 using 1:2
        format = x:z
        #datapoints = 13
        residuals are weighted equally (unit weight)

function used for fitting: f(x)
	f(x) = a/sqrt(x)
fitted parameters initialized with current variable values

iter      chisq       delta/lim  lambda   a            
   0 5.1212436821e-03   0.00e+00  1.23e-04    1.000000e-02
   4 1.2805551873e-07  -5.17e-10  1.23e-08    1.629361e+00

After 4 iterations the fit converged.
final sum of squares of residuals : 1.28056e-07
rel. change during last iteration : -5.16764e-15

degrees of freedom    (FIT_NDF)                        : 12
rms of residuals      (FIT_STDFIT) = sqrt(WSSR/ndf)    : 0.000103302
variance of residuals (reduced chisquare) = WSSR/ndf   : 1.06713e-08

Final set of parameters            Asymptotic Standard Error
=======================            ==========================
a               = 1.62936          +/- 0.002338     (0.1435%)


*******************************************************************************
Mon May  5 08:26:18 2025


FIT:    data read from "Out.txt" index 1 using 1:2
        format = x:z
        #datapoints = 13
        residuals are weighted equally (unit weight)

function used for fitting: f(x)
	f(x) = a/sqrt(x)
fitted parameters initialized with current variable values

iter      chisq       delta/lim  lambda   a            
   0 5.1212436821e-03   0.00e+00  1.23e-04    1.000000e-02
   4 1.2805551873e-07  -5.17e-10  1.23e-08    1.629361e+00

After 4 iterations the fit converged.
final sum of squares of residuals : 1.28056e-07
rel. change during last iteration : -5.16764e-15

degrees of freedom    (FIT_NDF)                        : 12
rms of residuals      (FIT_STDFIT) = sqrt(WSSR/ndf)    : 0.000103302
variance of residuals (reduced chisquare) = WSSR/ndf   : 1.06713e-08

Final set of parameters            Asymptotic Standard Error
=======================            ==========================
a               = 1.62936          +/- 0.002338     (0.1435%)


*******************************************************************************
Mon May  5 08:26:52 2025


FIT:    data read from "Out.txt" index 1 using 1:2
        format = x:z
        #datapoints = 15
        residuals are weighted equally (unit weight)

function used for fitting: f(x)
	f(x) = a/sqrt(x)
fitted parameters initialized with current variable values

iter      chisq       delta/lim  lambda   a            
   0 5.1217197737e-03   0.00e+00  1.14e-04    1.000000e-02
   4 1.2808280918e-07  -7.85e-10  1.14e-08    1.629363e+00

After 4 iterations the fit converged.
final sum of squares of residuals : 1.28083e-07
rel. change during last iteration : -7.85314e-15

degrees of freedom    (FIT_NDF)                        : 14
rms of residuals      (FIT_STDFIT) = sqrt(WSSR/ndf)    : 9.56492e-05
variance of residuals (reduced chisquare) = WSSR/ndf   : 9.14877e-09

Final set of parameters            Asymptotic Standard Error
=======================            ==========================
a               = 1.62936          +/- 0.002164     (0.1328%)


*******************************************************************************
Mon May  5 08:27:18 2025


FIT:    data read from "Out.txt" index 1 using 1:2
        format = x:z
        #datapoints = 15
        residuals are weighted equally (unit weight)

function used for fitting: f(x)
	f(x) = a/sqrt(x)
fitted parameters initialized with current variable values

iter      chisq       delta/lim  lambda   a            
   0 5.1217197737e-03   0.00e+00  1.14e-04    1.000000e-02
   4 1.2808280918e-07  -7.85e-10  1.14e-08    1.629363e+00

After 4 iterations the fit converged.
final sum of squares of residuals : 1.28083e-07
rel. change during last iteration : -7.85314e-15

degrees of freedom    (FIT_NDF)                        : 14
rms of residuals      (FIT_STDFIT) = sqrt(WSSR/ndf)    : 9.56492e-05
variance of residuals (reduced chisquare) = WSSR/ndf   : 9.14877e-09

Final set of parameters            Asymptotic Standard Error
=======================            ==========================
a               = 1.62936          +/- 0.002164     (0.1328%)


*******************************************************************************
Mon May  5 08:27:25 2025


FIT:    data read from "Out.txt" index 1 using 1:2
        format = x:z
        #datapoints = 15
        residuals are weighted equally (unit weight)

function used for fitting: f(x)
	f(x) = a/sqrt(x)
fitted parameters initialized with current variable values

iter      chisq       delta/lim  lambda   a            
   0 5.1217197737e-03   0.00e+00  1.14e-04    1.000000e-02
   4 1.2808280918e-07  -7.85e-10  1.14e-08    1.629363e+00

After 4 iterations the fit converged.
final sum of squares of residuals : 1.28083e-07
rel. change during last iteration : -7.85314e-15

degrees of freedom    (FIT_NDF)                        : 14
rms of residuals      (FIT_STDFIT) = sqrt(WSSR/ndf)    : 9.56492e-05
variance of residuals (reduced chisquare) = WSSR/ndf   : 9.14877e-09

Final set of parameters            Asymptotic Standard Error
=======================            ==========================
a               = 1.62936          +/- 0.002164     (0.1328%)


*******************************************************************************
Mon May  5 08:29:43 2025


FIT:    data read from "Out.txt" index 1 using 1:2
        format = x:z
        #datapoints = 15
        residuals are weighted equally (unit weight)

function used for fitting: f(x)
	f(x) = a/sqrt(x)
fitted parameters initialized with current variable values

iter      chisq       delta/lim  lambda   a            
   0 5.1217197737e-03   0.00e+00  1.14e-04    1.000000e-02
   4 1.2808280918e-07  -7.85e-10  1.14e-08    1.629363e+00

After 4 iterations the fit converged.
final sum of squares of residuals : 1.28083e-07
rel. change during last iteration : -7.85314e-15

degrees of freedom    (FIT_NDF)                        : 14
rms of residuals      (FIT_STDFIT) = sqrt(WSSR/ndf)    : 9.56492e-05
variance of residuals (reduced chisquare) = WSSR/ndf   : 9.14877e-09

Final set of parameters            Asymptotic Standard Error
=======================            ==========================
a               = 1.62936          +/- 0.002164     (0.1328%)


*******************************************************************************
Mon May  5 08:29:53 2025


FIT:    data read from "Out.txt" index 1 using 1:2
        format = x:z
        #datapoints = 15
        residuals are weighted equally (unit weight)

function used for fitting: f(x)
	f(x) = a/sqrt(x)
fitted parameters initialized with current variable values

iter      chisq       delta/lim  lambda   a            
   0 5.1217197737e-03   0.00e+00  1.14e-04    1.000000e-02
   4 1.2808280918e-07  -7.85e-10  1.14e-08    1.629363e+00

After 4 iterations the fit converged.
final sum of squares of residuals : 1.28083e-07
rel. change during last iteration : -7.85314e-15

degrees of freedom    (FIT_NDF)                        : 14
rms of residuals      (FIT_STDFIT) = sqrt(WSSR/ndf)    : 9.56492e-05
variance of residuals (reduced chisquare) = WSSR/ndf   : 9.14877e-09

Final set of parameters            Asymptotic Standard Error
=======================            ==========================
a               = 1.62936          +/- 0.002164     (0.1328%)


*******************************************************************************
Mon May  5 08:30:32 2025


FIT:    data read from "Out.txt" index 1 using 1:2
        format = x:z
        #datapoints = 15
        residuals are weighted equally (unit weight)

function used for fitting: f(x)
	f(x) = a/sqrt(x)
fitted parameters initialized with current variable values

iter      chisq       delta/lim  lambda   a            
   0 5.1217197737e-03   0.00e+00  1.14e-04    1.000000e-02
   4 1.2808280918e-07  -7.85e-10  1.14e-08    1.629363e+00

After 4 iterations the fit converged.
final sum of squares of residuals : 1.28083e-07
rel. change during last iteration : -7.85314e-15

degrees of freedom    (FIT_NDF)                        : 14
rms of residuals      (FIT_STDFIT) = sqrt(WSSR/ndf)    : 9.56492e-05
variance of residuals (reduced chisquare) = WSSR/ndf   : 9.14877e-09

Final set of parameters            Asymptotic Standard Error
=======================            ==========================
a               = 1.62936          +/- 0.002164     (0.1328%)


*******************************************************************************
Mon May  5 08:30:38 2025


FIT:    data read from "Out.txt" index 1 using 1:2
        format = x:z
        #datapoints = 15
        residuals are weighted equally (unit weight)

function used for fitting: f(x)
	f(x) = a/sqrt(x)
fitted parameters initialized with current variable values

iter      chisq       delta/lim  lambda   a            
   0 5.1217197737e-03   0.00e+00  1.14e-04    1.000000e-02
   4 1.2808280918e-07  -7.85e-10  1.14e-08    1.629363e+00

After 4 iterations the fit converged.
final sum of squares of residuals : 1.28083e-07
rel. change during last iteration : -7.85314e-15

degrees of freedom    (FIT_NDF)                        : 14
rms of residuals      (FIT_STDFIT) = sqrt(WSSR/ndf)    : 9.56492e-05
variance of residuals (reduced chisquare) = WSSR/ndf   : 9.14877e-09

Final set of parameters            Asymptotic Standard Error
=======================            ==========================
a               = 1.62936          +/- 0.002164     (0.1328%)


*******************************************************************************
Mon May  5 08:31:23 2025


FIT:    data read from "Out.txt" index 1 using 1:2
        format = x:z
        #datapoints = 15
        residuals are weighted equally (unit weight)

function used for fitting: f(x)
	f(x) = a/sqrt(x)
fitted parameters initialized with current variable values

iter      chisq       delta/lim  lambda   a            
   0 5.1217197737e-03   0.00e+00  1.14e-04    1.000000e-02
   4 1.2808280918e-07  -7.85e-10  1.14e-08    1.629363e+00

After 4 iterations the fit converged.
final sum of squares of residuals : 1.28083e-07
rel. change during last iteration : -7.85314e-15

degrees of freedom    (FIT_NDF)                        : 14
rms of residuals      (FIT_STDFIT) = sqrt(WSSR/ndf)    : 9.56492e-05
variance of residuals (reduced chisquare) = WSSR/ndf   : 9.14877e-09

Final set of parameters            Asymptotic Standard Error
=======================            ==========================
a               = 1.62936          +/- 0.002164     (0.1328%)


*******************************************************************************
Mon May  5 08:32:30 2025


FIT:    data read from "Out.txt" index 1 using 1:2
        format = x:z
        #datapoints = 15
        residuals are weighted equally (unit weight)

function used for fitting: f(x)
	f(x) = a/sqrt(x)
fitted parameters initialized with current variable values

iter      chisq       delta/lim  lambda   a            
   0 5.1217197737e-03   0.00e+00  1.14e-04    1.000000e-02
   4 1.2808280918e-07  -7.85e-10  1.14e-08    1.629363e+00

After 4 iterations the fit converged.
final sum of squares of residuals : 1.28083e-07
rel. change during last iteration : -7.85314e-15

degrees of freedom    (FIT_NDF)                        : 14
rms of residuals      (FIT_STDFIT) = sqrt(WSSR/ndf)    : 9.56492e-05
variance of residuals (reduced chisquare) = WSSR/ndf   : 9.14877e-09

Final set of parameters            Asymptotic Standard Error
=======================            ==========================
a               = 1.62936          +/- 0.002164     (0.1328%)


*******************************************************************************
Sat May 10 11:08:48 2025


FIT:    data read from "Out.txt" index 1 using 1:2
        format = x:z
BREAK: No data to fit

*******************************************************************************
Sat May 10 11:09:14 2025


FIT:    data read from "Out.txt" index 1 using 1:2
        format = x:z
        #datapoints = 15
        residuals are weighted equally (unit weight)

function used for fitting: f(x)
	f(x) = a/sqrt(x)
fitted parameters initialized with current variable values

iter      chisq       delta/lim  lambda   a            
   0 5.1217197737e-03   0.00e+00  1.14e-04    1.000000e-02
   4 1.2808280918e-07  -7.85e-10  1.14e-08    1.629363e+00

After 4 iterations the fit converged.
final sum of squares of residuals : 1.28083e-07
rel. change during last iteration : -7.85314e-15

degrees of freedom    (FIT_NDF)                        : 14
rms of residuals      (FIT_STDFIT) = sqrt(WSSR/ndf)    : 9.56492e-05
variance of residuals (reduced chisquare) = WSSR/ndf   : 9.14877e-09

Final set of parameters            Asymptotic Standard Error
=======================            ==========================
a               = 1.62936          +/- 0.002164     (0.1328%)


*******************************************************************************
Sat May 10 11:29:37 2025


FIT:    data read from "err.data" index 1 using 1:2
        format = x:z
BREAK: No data to fit

*******************************************************************************
Sat May 10 11:30:39 2025


FIT:    data read from "err.data" index 0 using 1:2
        format = x:z
        #datapoints = 15
        residuals are weighted equally (unit weight)

function used for fitting: f(x)
	f(x) = a/sqrt(x)
fitted parameters initialized with current variable values

iter      chisq       delta/lim  lambda   a            
   0 5.1217197737e-03   0.00e+00  1.14e-04    1.000000e-02
   4 1.2808280918e-07  -7.85e-10  1.14e-08    1.629363e+00

After 4 iterations the fit converged.
final sum of squares of residuals : 1.28083e-07
rel. change during last iteration : -7.85314e-15

degrees of freedom    (FIT_NDF)                        : 14
rms of residuals      (FIT_STDFIT) = sqrt(WSSR/ndf)    : 9.56492e-05
variance of residuals (reduced chisquare) = WSSR/ndf   : 9.14877e-09

Final set of parameters            Asymptotic Standard Error
=======================            ==========================
a               = 1.62936          +/- 0.002164     (0.1328%)


*******************************************************************************
Sat May 10 11:40:56 2025


FIT:    data read from "err.data" index 0 using 1:3
        format = x:z
        #datapoints = 15
        residuals are weighted equally (unit weight)

function used for fitting: f(x)
	f(x) = a/sqrt(x)
fitted parameters initialized with current variable values

iter      chisq       delta/lim  lambda   a            
   0 2.7566032849e-03   0.00e+00  1.14e-04    1.000000e-02
   3 1.3349854241e-03  -1.85e-04  1.14e-07    8.631650e-01

After 3 iterations the fit converged.
final sum of squares of residuals : 0.00133499
rel. change during last iteration : -1.84631e-09

degrees of freedom    (FIT_NDF)                        : 14
rms of residuals      (FIT_STDFIT) = sqrt(WSSR/ndf)    : 0.00976504
variance of residuals (reduced chisquare) = WSSR/ndf   : 9.53561e-05

Final set of parameters            Asymptotic Standard Error
=======================            ==========================
a               = 0.863165         +/- 0.221        (25.6%)


*******************************************************************************
Sat May 10 11:41:26 2025


FIT:    data read from "err.data" index 0 skip 2 using 1:3
        format = x:z
        #datapoints = 13
        residuals are weighted equally (unit weight)

function used for fitting: f(x)
	f(x) = a/sqrt(x)
fitted parameters initialized with current variable values

iter      chisq       delta/lim  lambda   a            
   0 2.0554761425e-03   0.00e+00  6.13e-05    1.000000e-02
   3 9.0766459191e-04  -3.81e-04  6.13e-08    1.543299e+00

After 3 iterations the fit converged.
final sum of squares of residuals : 0.000907665
rel. change during last iteration : -3.81184e-09

degrees of freedom    (FIT_NDF)                        : 12
rms of residuals      (FIT_STDFIT) = sqrt(WSSR/ndf)    : 0.00869705
variance of residuals (reduced chisquare) = WSSR/ndf   : 7.56387e-05

Final set of parameters            Asymptotic Standard Error
=======================            ==========================
a               = 1.5433           +/- 0.3936       (25.5%)


*******************************************************************************
Sat May 10 11:41:57 2025


FIT:    data read from "err.data" index 0 skip 2 using 1:3
        format = x:z
        #datapoints = 13
        residuals are weighted equally (unit weight)

function used for fitting: f(x)
	f(x) = a/sqrt(x) + b
fitted parameters initialized with current variable values

iter      chisq       delta/lim  lambda   a             b            
   0 1.2811343556e+01   0.00e+00  7.07e-01    1.000000e-02   1.000000e+00
   7 8.7900720069e-04  -3.84e-03  7.07e-08    1.329179e+00   1.981472e-03

After 7 iterations the fit converged.
final sum of squares of residuals : 0.000879007
rel. change during last iteration : -3.84359e-08

degrees of freedom    (FIT_NDF)                        : 11
rms of residuals      (FIT_STDFIT) = sqrt(WSSR/ndf)    : 0.00893923
variance of residuals (reduced chisquare) = WSSR/ndf   : 7.99097e-05

Final set of parameters            Asymptotic Standard Error
=======================            ==========================
a               = 1.32918          +/- 0.5399       (40.62%)
b               = 0.00198147       +/- 0.003309     (167%)

correlation matrix of the fit parameters:
                a      b      
a               1.000 
b              -0.662  1.000 


*******************************************************************************
Sat May 10 11:42:28 2025


FIT:    data read from "err.data" index 0 skip 2 using 1:3
        format = x:z
        #datapoints = 13
        residuals are weighted equally (unit weight)

function used for fitting: f(x)
	f(x) = a/sqrt(x) + b
fitted parameters initialized with current variable values

iter      chisq       delta/lim  lambda   a             b            
   0 1.2811343556e+01   0.00e+00  7.07e-01    1.000000e-02   1.000000e+00
   7 8.7900720069e-04  -3.84e-03  7.07e-08    1.329179e+00   1.981472e-03

After 7 iterations the fit converged.
final sum of squares of residuals : 0.000879007
rel. change during last iteration : -3.84359e-08

degrees of freedom    (FIT_NDF)                        : 11
rms of residuals      (FIT_STDFIT) = sqrt(WSSR/ndf)    : 0.00893923
variance of residuals (reduced chisquare) = WSSR/ndf   : 7.99097e-05

Final set of parameters            Asymptotic Standard Error
=======================            ==========================
a               = 1.32918          +/- 0.5399       (40.62%)
b               = 0.00198147       +/- 0.003309     (167%)

correlation matrix of the fit parameters:
                a      b      
a               1.000 
b              -0.662  1.000 


*******************************************************************************
Sat May 10 11:43:03 2025


FIT:    data read from "err.data" index 0 skip 2 using 1:3
        format = x:z
        #datapoints = 13
        residuals are weighted equally (unit weight)

function used for fitting: f(x)
	f(x) = a/sqrt(x - b)
fitted parameters initialized with current variable values

iter      chisq       delta/lim  lambda   a             b            
   0 2.0554753747e-03   0.00e+00  4.33e-05    1.000000e-02   1.000000e+00
  10 6.7001257584e-04  -5.12e-01  4.33e-08    3.025512e+00  -1.908070e+04

After 10 iterations the fit converged.
final sum of squares of residuals : 0.000670013
rel. change during last iteration : -5.12218e-06

degrees of freedom    (FIT_NDF)                        : 11
rms of residuals      (FIT_STDFIT) = sqrt(WSSR/ndf)    : 0.0078045
variance of residuals (reduced chisquare) = WSSR/ndf   : 6.09102e-05

Final set of parameters            Asymptotic Standard Error
=======================            ==========================
a               = 3.02551          +/- 1.621        (53.57%)
b               = -19080.7         +/- 3.302e+04    (173.1%)

correlation matrix of the fit parameters:
                a      b      
a               1.000 
b              -0.921  1.000 


*******************************************************************************
Sat May 10 11:43:16 2025


FIT:    data read from "err.data" index 0 skip 2 using 1:3
        format = x:z
        #datapoints = 13
        residuals are weighted equally (unit weight)

function used for fitting: f(x)
	f(x) = a/sqrt(x) + b
fitted parameters initialized with current variable values

iter      chisq       delta/lim  lambda   a             b            
   0 1.2811343556e+01   0.00e+00  7.07e-01    1.000000e-02   1.000000e+00
   7 8.7900720069e-04  -3.84e-03  7.07e-08    1.329179e+00   1.981472e-03

After 7 iterations the fit converged.
final sum of squares of residuals : 0.000879007
rel. change during last iteration : -3.84359e-08

degrees of freedom    (FIT_NDF)                        : 11
rms of residuals      (FIT_STDFIT) = sqrt(WSSR/ndf)    : 0.00893923
variance of residuals (reduced chisquare) = WSSR/ndf   : 7.99097e-05

Final set of parameters            Asymptotic Standard Error
=======================            ==========================
a               = 1.32918          +/- 0.5399       (40.62%)
b               = 0.00198147       +/- 0.003309     (167%)

correlation matrix of the fit parameters:
                a      b      
a               1.000 
b              -0.662  1.000 


*******************************************************************************
Sat May 10 11:43:27 2025


FIT:    data read from "err.data" index 0 skip 2 using 1:3
        format = x:z
        #datapoints = 13
        residuals are weighted equally (unit weight)

function used for fitting: f(x)
	f(x) = a/(sqrt(x) + b)
fitted parameters initialized with current variable values

iter      chisq       delta/lim  lambda   a             b            
   0 2.0556191363e-03   0.00e+00  4.28e-05    1.000000e-02   1.000000e+00
  10 7.1658308088e-04  -2.19e-02  4.28e-09    3.768818e+00   1.209997e+02

After 10 iterations the fit converged.
final sum of squares of residuals : 0.000716583
rel. change during last iteration : -2.18952e-07

degrees of freedom    (FIT_NDF)                        : 11
rms of residuals      (FIT_STDFIT) = sqrt(WSSR/ndf)    : 0.00807118
variance of residuals (reduced chisquare) = WSSR/ndf   : 6.51439e-05

Final set of parameters            Asymptotic Standard Error
=======================            ==========================
a               = 3.76882          +/- 2.94         (78%)
b               = 121              +/- 179.2        (148.1%)

correlation matrix of the fit parameters:
                a      b      
a               1.000 
b               0.960  1.000 


*******************************************************************************
Sat May 10 11:43:38 2025


FIT:    data read from "err.data" index 0 skip 2 using 1:3
        format = x:z
        #datapoints = 13
        residuals are weighted equally (unit weight)

function used for fitting: f(x)
	f(x) = a/sqrt(x) - b
fitted parameters initialized with current variable values

iter      chisq       delta/lim  lambda   a             b            
   0 1.3192767397e+01   0.00e+00  7.07e-01    1.000000e-02   1.000000e+00
   7 8.7900720069e-04  -3.84e-03  7.07e-08    1.329179e+00  -1.981472e-03

After 7 iterations the fit converged.
final sum of squares of residuals : 0.000879007
rel. change during last iteration : -3.84358e-08

degrees of freedom    (FIT_NDF)                        : 11
rms of residuals      (FIT_STDFIT) = sqrt(WSSR/ndf)    : 0.00893923
variance of residuals (reduced chisquare) = WSSR/ndf   : 7.99097e-05

Final set of parameters            Asymptotic Standard Error
=======================            ==========================
a               = 1.32918          +/- 0.5399       (40.62%)
b               = -0.00198147      +/- 0.003309     (167%)

correlation matrix of the fit parameters:
                a      b      
a               1.000 
b               0.662  1.000 


*******************************************************************************
Sat May 10 11:43:48 2025


FIT:    data read from "err.data" index 0 skip 2 using 1:3
        format = x:z
        #datapoints = 13
        residuals are weighted equally (unit weight)

function used for fitting: f(x)
	f(x) = a/sqrt(x) + 0*b
fitted parameters initialized with current variable values

iter      chisq       delta/lim  lambda   a             b            
   0 2.0554761425e-03   0.00e+00  4.33e-05    1.000000e-02   1.000000e+00
BREAK: Singular matrix in Invert_RtR

*******************************************************************************
Sat May 10 11:43:54 2025


FIT:    data read from "err.data" index 0 skip 2 using 1:3
        format = x:z
        #datapoints = 13
        residuals are weighted equally (unit weight)

function used for fitting: f(x)
	f(x) = a/sqrt(x)
fitted parameters initialized with current variable values

iter      chisq       delta/lim  lambda   a             b            
   0 2.0554761425e-03   0.00e+00  4.33e-05    1.000000e-02   1.000000e+00
BREAK: Singular matrix in Invert_RtR

*******************************************************************************
Sat May 10 11:43:57 2025


FIT:    data read from "err.data" index 0 skip 2 using 1:3
        format = x:z
        #datapoints = 13
        residuals are weighted equally (unit weight)

function used for fitting: f(x)
	f(x) = a/sqrt(x) + b
fitted parameters initialized with current variable values

iter      chisq       delta/lim  lambda   a             b            
   0 1.2811343556e+01   0.00e+00  7.07e-01    1.000000e-02   1.000000e+00
   7 8.7900720069e-04  -3.84e-03  7.07e-08    1.329179e+00   1.981472e-03

After 7 iterations the fit converged.
final sum of squares of residuals : 0.000879007
rel. change during last iteration : -3.84359e-08

degrees of freedom    (FIT_NDF)                        : 11
rms of residuals      (FIT_STDFIT) = sqrt(WSSR/ndf)    : 0.00893923
variance of residuals (reduced chisquare) = WSSR/ndf   : 7.99097e-05

Final set of parameters            Asymptotic Standard Error
=======================            ==========================
a               = 1.32918          +/- 0.5399       (40.62%)
b               = 0.00198147       +/- 0.003309     (167%)

correlation matrix of the fit parameters:
                a      b      
a               1.000 
b              -0.662  1.000 


*******************************************************************************
Sat May 10 11:44:12 2025


FIT:    data read from "err.data" index 0 skip 3 using 1:3
        format = x:z
        #datapoints = 12
        residuals are weighted equally (unit weight)

function used for fitting: f(x)
	f(x) = a/sqrt(x) + b
fitted parameters initialized with current variable values

iter      chisq       delta/lim  lambda   a             b            
   0 1.1818847246e+01   0.00e+00  7.07e-01    1.000000e-02   1.000000e+00
   8 6.3501620417e-05  -3.24e-09  7.07e-09    3.156198e+00  -2.102476e-03

After 8 iterations the fit converged.
final sum of squares of residuals : 6.35016e-05
rel. change during last iteration : -3.24399e-14

degrees of freedom    (FIT_NDF)                        : 10
rms of residuals      (FIT_STDFIT) = sqrt(WSSR/ndf)    : 0.00251995
variance of residuals (reduced chisquare) = WSSR/ndf   : 6.35016e-06

Final set of parameters            Asymptotic Standard Error
=======================            ==========================
a               = 3.1562           +/- 0.2217       (7.025%)
b               = -0.00210248      +/- 0.0009999    (47.56%)

correlation matrix of the fit parameters:
                a      b      
a               1.000 
b              -0.686  1.000 


*******************************************************************************
Sat May 10 11:45:42 2025


FIT:    data read from "err.data" index 0 skip 3 using 1:3
        format = x:z
        #datapoints = 12
        residuals are weighted equally (unit weight)

function used for fitting: f(x)
	f(x) = a/sqrt(x) + b
fitted parameters initialized with current variable values

iter      chisq       delta/lim  lambda   a             b            
   0 1.1818847246e+01   0.00e+00  7.07e-01    1.000000e-02   1.000000e+00
   8 6.3501620417e-05  -3.24e-09  7.07e-09    3.156198e+00  -2.102476e-03

After 8 iterations the fit converged.
final sum of squares of residuals : 6.35016e-05
rel. change during last iteration : -3.24399e-14

degrees of freedom    (FIT_NDF)                        : 10
rms of residuals      (FIT_STDFIT) = sqrt(WSSR/ndf)    : 0.00251995
variance of residuals (reduced chisquare) = WSSR/ndf   : 6.35016e-06

Final set of parameters            Asymptotic Standard Error
=======================            ==========================
a               = 3.1562           +/- 0.2217       (7.025%)
b               = -0.00210248      +/- 0.0009999    (47.56%)

correlation matrix of the fit parameters:
                a      b      
a               1.000 
b              -0.686  1.000 


*******************************************************************************
Sat May 10 14:30:39 2025


FIT:    data read from "errquasi.data" index 0 skip 3 using 1:3
        format = x:z
        #datapoints = 12
        residuals are weighted equally (unit weight)

function used for fitting: f(x)
	f(x) = a/sqrt(x) + b
fitted parameters initialized with current variable values

iter      chisq       delta/lim  lambda   a             b            
   0 1.1997136162e+01   0.00e+00  7.07e-01    1.000000e-02   1.000000e+00
   7 5.0079289368e-07  -3.19e-03  7.07e-08    2.060008e-02   8.655439e-05

After 7 iterations the fit converged.
final sum of squares of residuals : 5.00793e-07
rel. change during last iteration : -3.18691e-08

degrees of freedom    (FIT_NDF)                        : 10
rms of residuals      (FIT_STDFIT) = sqrt(WSSR/ndf)    : 0.000223784
variance of residuals (reduced chisquare) = WSSR/ndf   : 5.00793e-08

Final set of parameters            Asymptotic Standard Error
=======================            ==========================
a               = 0.0206001        +/- 0.01969      (95.58%)
b               = 8.65544e-05      +/- 8.88e-05     (102.6%)

correlation matrix of the fit parameters:
                a      b      
a               1.000 
b              -0.686  1.000 


*******************************************************************************
Sat May 10 14:32:30 2025


FIT:    data read from "errquasi.data" index 0 using 1:3
        format = x:z
        #datapoints = 15
        residuals are weighted equally (unit weight)

function used for fitting: f(x)
	f(x) = a/sqrt(x) + b
fitted parameters initialized with current variable values

iter      chisq       delta/lim  lambda   a             b            
   0 1.4975113518e+01   0.00e+00  7.07e-01    1.000000e-02   1.000000e+00
   7 6.9991720657e-06  -9.30e-05  7.07e-08    1.843975e-01  -4.022796e-04

After 7 iterations the fit converged.
final sum of squares of residuals : 6.99917e-06
rel. change during last iteration : -9.30238e-10

degrees of freedom    (FIT_NDF)                        : 13
rms of residuals      (FIT_STDFIT) = sqrt(WSSR/ndf)    : 0.000733756
variance of residuals (reduced chisquare) = WSSR/ndf   : 5.38398e-07

Final set of parameters            Asymptotic Standard Error
=======================            ==========================
a               = 0.184397         +/- 0.02116      (11.47%)
b               = -0.00040228      +/- 0.0002414    (60.02%)

correlation matrix of the fit parameters:
                a      b      
a               1.000 
b              -0.620  1.000 


*******************************************************************************
Sat May 10 14:40:01 2025


FIT:    data read from "errquasi.data" index 0 using 1:3
        format = x:z
        #datapoints = 15
        residuals are weighted equally (unit weight)

function used for fitting: f(x)
	f(x) = a/sqrt(x)
fitted parameters initialized with current variable values

iter      chisq       delta/lim  lambda   a             b            
   0 5.3940196804e-05   0.00e+00  8.07e-05    1.000000e-02   1.000000e+00
BREAK: Singular matrix in Invert_RtR

*******************************************************************************
Sat May 10 14:40:08 2025


FIT:    data read from "errquasi.data" index 0 using 1:3
        format = x:z
        #datapoints = 15
        residuals are weighted equally (unit weight)

function used for fitting: f(x)
	f(x) = a/sqrt(x)
fitted parameters initialized with current variable values

iter      chisq       delta/lim  lambda   a            
   0 5.3940196804e-05   0.00e+00  1.14e-04    1.000000e-02
   3 8.4937612699e-06  -9.28e-04  1.14e-07    1.625427e-01

After 3 iterations the fit converged.
final sum of squares of residuals : 8.49376e-06
rel. change during last iteration : -9.27681e-09

degrees of freedom    (FIT_NDF)                        : 14
rms of residuals      (FIT_STDFIT) = sqrt(WSSR/ndf)    : 0.000778908
variance of residuals (reduced chisquare) = WSSR/ndf   : 6.06697e-07

Final set of parameters            Asymptotic Standard Error
=======================            ==========================
a               = 0.162543         +/- 0.01762      (10.84%)


*******************************************************************************
Sat May 10 14:42:58 2025


FIT:    data read from "err.data" index 0 skip 3 using 1:3
        format = x:z
        #datapoints = 12
        residuals are weighted equally (unit weight)

function used for fitting: f(x)
	f(x) = a/sqrt(x)
fitted parameters initialized with current variable values

iter      chisq       delta/lim  lambda   a            
   0 2.0413467381e-03   0.00e+00  4.51e-05    1.000000e-02
   3 9.1575207833e-05  -8.73e-03  4.51e-08    2.836343e+00

After 3 iterations the fit converged.
final sum of squares of residuals : 9.15752e-05
rel. change during last iteration : -8.7344e-08

degrees of freedom    (FIT_NDF)                        : 11
rms of residuals      (FIT_STDFIT) = sqrt(WSSR/ndf)    : 0.00288531
variance of residuals (reduced chisquare) = WSSR/ndf   : 8.32502e-06

Final set of parameters            Asymptotic Standard Error
=======================            ==========================
a               = 2.83634          +/- 0.1847       (6.511%)
