

*******************************************************************************
Wed Mar 12 22:46:51 2025


FIT:    data read from "out_times.txt"
        format = z
        #datapoints = 10
        residuals are weighted equally (unit weight)

function used for fitting: f(x)
	f(x) = a*x*x*x
BREAK: Need via and either parameter list or file

*******************************************************************************
Wed Mar 12 22:47:00 2025


FIT:    data read from "out_times.txt"
        format = z
        #datapoints = 10
        residuals are weighted equally (unit weight)

function used for fitting: f(x)
	f(x) = a*x*x*x
fitted parameters initialized with current variable values

iter      chisq       delta/lim  lambda   a            
   0 1.9784046058e+14   0.00e+00  4.45e+06    1.000000e-02
   5 1.0554580078e-03  -6.16e-11  4.45e+01    9.961358e-10

After 5 iterations the fit converged.
final sum of squares of residuals : 0.00105546
rel. change during last iteration : -6.1634e-16

degrees of freedom    (FIT_NDF)                        : 9
rms of residuals      (FIT_STDFIT) = sqrt(WSSR/ndf)    : 0.0108293
variance of residuals (reduced chisquare) = WSSR/ndf   : 0.000117273

Final set of parameters            Asymptotic Standard Error
=======================            ==========================
a               = 9.96136e-10      +/- 7.699e-12    (0.7729%)


*******************************************************************************
Wed Mar 12 22:47:17 2025


FIT:    data read from "out_times.txt"
        format = z
        #datapoints = 10
        residuals are weighted equally (unit weight)

function used for fitting: f(x)
	f(x) = a*x*x*x
fitted parameters initialized with current variable values

iter      chisq       delta/lim  lambda   a            
   0 1.9784046054e+14   0.00e+00  4.45e+06    1.000000e-02
   5 1.3511478186e-03  -1.93e-10  4.45e+01    9.973539e-10

After 5 iterations the fit converged.
final sum of squares of residuals : 0.00135115
rel. change during last iteration : -1.92583e-15

degrees of freedom    (FIT_NDF)                        : 9
rms of residuals      (FIT_STDFIT) = sqrt(WSSR/ndf)    : 0.0122527
variance of residuals (reduced chisquare) = WSSR/ndf   : 0.000150128

Final set of parameters            Asymptotic Standard Error
=======================            ==========================
a               = 9.97354e-10      +/- 8.711e-12    (0.8734%)


*******************************************************************************
Wed Mar 12 22:48:28 2025


FIT:    data read from "out_times.txt"
        format = z
        #datapoints = 10
        residuals are weighted equally (unit weight)

function used for fitting: f(x)
	f(x) = a*x*x*x
fitted parameters initialized with current variable values

iter      chisq       delta/lim  lambda   a            
   0 1.9784046054e+14   0.00e+00  4.45e+06    1.000000e-02
   5 1.6497931920e-03  -6.57e-11  4.45e+03    9.972276e-10

After 5 iterations the fit converged.
final sum of squares of residuals : 0.00164979
rel. change during last iteration : -6.57175e-16

degrees of freedom    (FIT_NDF)                        : 9
rms of residuals      (FIT_STDFIT) = sqrt(WSSR/ndf)    : 0.0135392
variance of residuals (reduced chisquare) = WSSR/ndf   : 0.00018331

Final set of parameters            Asymptotic Standard Error
=======================            ==========================
a               = 9.97228e-10      +/- 9.626e-12    (0.9653%)


*******************************************************************************
Wed Mar 12 22:48:44 2025


FIT:    data read from "out_times.txt"
        format = z
        #datapoints = 10
        residuals are weighted equally (unit weight)

function used for fitting: f(x)
	f(x) = a*x*x*x
fitted parameters initialized with current variable values

iter      chisq       delta/lim  lambda   a            
   0 1.9784045985e+14   0.00e+00  4.45e+06    1.000000e-02
   5 1.7417414533e-04  -1.21e-09  4.45e+01    1.014757e-09

After 5 iterations the fit converged.
final sum of squares of residuals : 0.000174174
rel. change during last iteration : -1.21384e-14

degrees of freedom    (FIT_NDF)                        : 9
rms of residuals      (FIT_STDFIT) = sqrt(WSSR/ndf)    : 0.00439917
variance of residuals (reduced chisquare) = WSSR/ndf   : 1.93527e-05

Final set of parameters            Asymptotic Standard Error
=======================            ==========================
a               = 1.01476e-09      +/- 3.128e-12    (0.3082%)


*******************************************************************************
Wed Mar 12 22:50:02 2025


FIT:    data read from "out.times.txt"
        format = z
        #datapoints = 10
        residuals are weighted equally (unit weight)

function used for fitting: f(x)
	f(x) = a*x*x*x
fitted parameters initialized with current variable values

iter      chisq       delta/lim  lambda   a            
   0 1.9784046078e+14   0.00e+00  4.45e+06    1.000000e-02
   5 1.2276277607e-03  -7.07e-11  4.45e+01    9.910812e-10

After 5 iterations the fit converged.
final sum of squares of residuals : 0.00122763
rel. change during last iteration : -7.06535e-16

degrees of freedom    (FIT_NDF)                        : 9
rms of residuals      (FIT_STDFIT) = sqrt(WSSR/ndf)    : 0.0116792
variance of residuals (reduced chisquare) = WSSR/ndf   : 0.000136403

Final set of parameters            Asymptotic Standard Error
=======================            ==========================
a               = 9.91081e-10      +/- 8.303e-12    (0.8378%)


*******************************************************************************
Wed Mar 12 22:50:47 2025


FIT:    data read from "out.times.txt"
        format = z
        #datapoints = 10
        residuals are weighted equally (unit weight)

function used for fitting: f(x)
	f(x) = a*x*x*x
fitted parameters initialized with current variable values

iter      chisq       delta/lim  lambda   a            
   0 1.9784046070e+14   0.00e+00  4.45e+06    1.000000e-02
   5 2.3672877899e-04  -7.79e-10  4.45e+01    9.933204e-10

After 5 iterations the fit converged.
final sum of squares of residuals : 0.000236729
rel. change during last iteration : -7.78589e-15

degrees of freedom    (FIT_NDF)                        : 9
rms of residuals      (FIT_STDFIT) = sqrt(WSSR/ndf)    : 0.00512866
variance of residuals (reduced chisquare) = WSSR/ndf   : 2.63032e-05

Final set of parameters            Asymptotic Standard Error
=======================            ==========================
a               = 9.9332e-10       +/- 3.646e-12    (0.3671%)


*******************************************************************************
Wed Mar 12 22:50:56 2025


FIT:    data read from "out.times.txt"
        format = z
        #datapoints = 10
        residuals are weighted equally (unit weight)

function used for fitting: f(x)
	f(x) = a*x*x*x
fitted parameters initialized with current variable values

iter      chisq       delta/lim  lambda   a            
   0 1.9784046070e+14   0.00e+00  4.45e+06    1.000000e-02
   5 2.3672877899e-04  -7.79e-10  4.45e+01    9.933204e-10

After 5 iterations the fit converged.
final sum of squares of residuals : 0.000236729
rel. change during last iteration : -7.78589e-15

degrees of freedom    (FIT_NDF)                        : 9
rms of residuals      (FIT_STDFIT) = sqrt(WSSR/ndf)    : 0.00512866
variance of residuals (reduced chisquare) = WSSR/ndf   : 2.63032e-05

Final set of parameters            Asymptotic Standard Error
=======================            ==========================
a               = 9.9332e-10       +/- 3.646e-12    (0.3671%)


*******************************************************************************
Wed Mar 12 22:52:52 2025


FIT:    data read from "out.times.txt"
        format = z
        #datapoints = 10
        residuals are weighted equally (unit weight)

function used for fitting: f(x)
	f(x) = a*x*x*x
fitted parameters initialized with current variable values

iter      chisq       delta/lim  lambda   a            
   0 1.9784046070e+14   0.00e+00  4.45e+06    1.000000e-02
   5 2.3672877899e-04  -7.79e-10  4.45e+01    9.933204e-10

After 5 iterations the fit converged.
final sum of squares of residuals : 0.000236729
rel. change during last iteration : -7.78589e-15

degrees of freedom    (FIT_NDF)                        : 9
rms of residuals      (FIT_STDFIT) = sqrt(WSSR/ndf)    : 0.00512866
variance of residuals (reduced chisquare) = WSSR/ndf   : 2.63032e-05

Final set of parameters            Asymptotic Standard Error
=======================            ==========================
a               = 9.9332e-10       +/- 3.646e-12    (0.3671%)


*******************************************************************************
Wed Mar 12 22:53:13 2025


FIT:    data read from "out.times.txt"
        format = z
        #datapoints = 10
        residuals are weighted equally (unit weight)

function used for fitting: f(x)
	f(x) = a*x*x*x
fitted parameters initialized with current variable values

iter      chisq       delta/lim  lambda   a            
   0 1.9784046070e+14   0.00e+00  4.45e+06    1.000000e-02
   5 2.3672877899e-04  -7.79e-10  4.45e+01    9.933204e-10

After 5 iterations the fit converged.
final sum of squares of residuals : 0.000236729
rel. change during last iteration : -7.78589e-15

degrees of freedom    (FIT_NDF)                        : 9
rms of residuals      (FIT_STDFIT) = sqrt(WSSR/ndf)    : 0.00512866
variance of residuals (reduced chisquare) = WSSR/ndf   : 2.63032e-05

Final set of parameters            Asymptotic Standard Error
=======================            ==========================
a               = 9.9332e-10       +/- 3.646e-12    (0.3671%)


*******************************************************************************
Wed Mar 12 22:54:12 2025


FIT:    data read from "out.times.txt"
        format = z
        #datapoints = 10
        residuals are weighted equally (unit weight)

function used for fitting: f(x)
	f(x) = a*x*x*x
fitted parameters initialized with current variable values

iter      chisq       delta/lim  lambda   a            
   0 1.9784046070e+14   0.00e+00  4.45e+06    1.000000e-02
   5 2.3672877899e-04  -7.79e-10  4.45e+01    9.933204e-10

After 5 iterations the fit converged.
final sum of squares of residuals : 0.000236729
rel. change during last iteration : -7.78589e-15

degrees of freedom    (FIT_NDF)                        : 9
rms of residuals      (FIT_STDFIT) = sqrt(WSSR/ndf)    : 0.00512866
variance of residuals (reduced chisquare) = WSSR/ndf   : 2.63032e-05

Final set of parameters            Asymptotic Standard Error
=======================            ==========================
a               = 9.9332e-10       +/- 3.646e-12    (0.3671%)


*******************************************************************************
Wed Mar 12 22:54:37 2025


FIT:    data read from "out.times.txt"
        format = z
        #datapoints = 10
        residuals are weighted equally (unit weight)

function used for fitting: f(x)
	f(x) = a*x*x*x
fitted parameters initialized with current variable values

iter      chisq       delta/lim  lambda   a            
   0 1.9784046070e+14   0.00e+00  4.45e+06    1.000000e-02
   5 2.3672877899e-04  -7.79e-10  4.45e+01    9.933204e-10

After 5 iterations the fit converged.
final sum of squares of residuals : 0.000236729
rel. change during last iteration : -7.78589e-15

degrees of freedom    (FIT_NDF)                        : 9
rms of residuals      (FIT_STDFIT) = sqrt(WSSR/ndf)    : 0.00512866
variance of residuals (reduced chisquare) = WSSR/ndf   : 2.63032e-05

Final set of parameters            Asymptotic Standard Error
=======================            ==========================
a               = 9.9332e-10       +/- 3.646e-12    (0.3671%)


*******************************************************************************
Wed Mar 12 22:56:29 2025


FIT:    data read from "out.times.txt"
        format = z
        #datapoints = 25
        residuals are weighted equally (unit weight)

function used for fitting: f(x)
	f(x) = a*x*x*x
fitted parameters initialized with current variable values

iter      chisq       delta/lim  lambda   a            
   0 9.9888113711e+16   0.00e+00  6.32e+07    1.000000e-02
   5 8.1666563378e+00   0.00e+00  6.32e+10    9.405083e-10

After 5 iterations the fit converged.
final sum of squares of residuals : 8.16666
rel. change during last iteration : 0

degrees of freedom    (FIT_NDF)                        : 24
rms of residuals      (FIT_STDFIT) = sqrt(WSSR/ndf)    : 0.583333
variance of residuals (reduced chisquare) = WSSR/ndf   : 0.340277

Final set of parameters            Asymptotic Standard Error
=======================            ==========================
a               = 9.40508e-10      +/- 1.846e-11    (1.962%)


*******************************************************************************
Wed Mar 12 22:58:38 2025


FIT:    data read from "out.times.txt"
        format = z
        #datapoints = 20
        residuals are weighted equally (unit weight)

function used for fitting: f(x)
	f(x) = a*x*x*x
fitted parameters initialized with current variable values

iter      chisq       delta/lim  lambda   a            
   0 2.1645577087e+16   0.00e+00  3.29e+07    1.000000e-02
   5 4.4461877242e+00   0.00e+00  3.29e+02    9.037932e-10

After 5 iterations the fit converged.
final sum of squares of residuals : 4.44619
rel. change during last iteration : 0

degrees of freedom    (FIT_NDF)                        : 19
rms of residuals      (FIT_STDFIT) = sqrt(WSSR/ndf)    : 0.483746
variance of residuals (reduced chisquare) = WSSR/ndf   : 0.23401

Final set of parameters            Asymptotic Standard Error
=======================            ==========================
a               = 9.03793e-10      +/- 3.288e-11    (3.638%)
